[2026-03-08 01:07:18,023: INFO/MainProcess] beat: Starting...
[2026-03-19 16:59:50,016: INFO/MainProcess] beat: Starting...
[2026-03-19 16:59:50,093: INFO/MainProcess] DatabaseScheduler: Schedule changed.
[2026-03-27 17:48:40,672: INFO/MainProcess] beat: Starting...
[2026-03-27 17:48:40,846: INFO/MainProcess] DatabaseScheduler: Schedule changed.
[2026-03-27 17:48:40,876: INFO/MainProcess] Scheduler: Sending due task check-devices-status (devices.tasks.check_device_online)
[2026-03-27 17:48:40,912: INFO/MainProcess] Scheduler: Sending due task collect-metrics (monitoring.tasks.collect_all_online_devices_metrics)
[2026-03-27 17:48:40,918: INFO/MainProcess] Scheduler: Sending due task config-backup-daily (configs.tasks.execute_scheduled_backup)
[2026-03-27 17:49:40,873: INFO/MainProcess] Scheduler: Sending due task check-devices-status (devices.tasks.check_device_online)
[2026-03-27 17:49:40,913: INFO/MainProcess] Scheduler: Sending due task collect-metrics (monitoring.tasks.collect_all_online_devices_metrics)
[2026-03-27 17:49:40,918: INFO/MainProcess] Scheduler: Sending due task config-backup-daily (configs.tasks.execute_scheduled_backup)
[2026-03-27 17:50:40,876: INFO/MainProcess] Scheduler: Sending due task check-devices-status (devices.tasks.check_device_online)
[2026-03-27 17:50:40,914: INFO/MainProcess] Scheduler: Sending due task collect-metrics (monitoring.tasks.collect_all_online_devices_metrics)
[2026-03-27 17:50:40,920: INFO/MainProcess] Scheduler: Sending due task config-backup-daily (configs.tasks.execute_scheduled_backup)
[2026-03-27 17:51:40,877: INFO/MainProcess] Scheduler: Sending due task check-devices-status (devices.tasks.check_device_online)
[2026-03-27 17:51:40,914: INFO/MainProcess] Scheduler: Sending due task collect-metrics (monitoring.tasks.collect_all_online_devices_metrics)
[2026-03-27 17:51:40,947: INFO/MainProcess] Scheduler: Sending due task config-backup-daily (configs.tasks.execute_scheduled_backup)
[2026-03-27 17:52:40,880: INFO/MainProcess] Scheduler: Sending due task check-devices-status (devices.tasks.check_device_online)
[2026-03-27 17:52:40,915: INFO/MainProcess] Scheduler: Sending due task collect-metrics (monitoring.tasks.collect_all_online_devices_metrics)
[2026-03-27 17:52:40,950: INFO/MainProcess] Scheduler: Sending due task config-backup-daily (configs.tasks.execute_scheduled_backup)
[2026-03-27 17:53:11,166: INFO/MainProcess] Scheduler: Sending due task ip-scan-all-subnets (ipmanagement.tasks.scan_all_subnets)
[2026-03-27 17:53:40,923: INFO/MainProcess] Scheduler: Sending due task collect-metrics (monitoring.tasks.collect_all_online_devices_metrics)
[2026-03-27 17:53:40,928: INFO/MainProcess] Scheduler: Sending due task check-devices-status (devices.tasks.check_device_online)
[2026-03-27 17:53:40,951: INFO/MainProcess] Scheduler: Sending due task config-backup-daily (configs.tasks.execute_scheduled_backup)
[2026-03-27 17:54:40,926: INFO/MainProcess] Scheduler: Sending due task collect-metrics (monitoring.tasks.collect_all_online_devices_metrics)
[2026-03-27 17:54:40,931: INFO/MainProcess] Scheduler: Sending due task check-devices-status (devices.tasks.check_device_online)
[2026-03-27 17:54:40,951: INFO/MainProcess] Scheduler: Sending due task config-backup-daily (configs.tasks.execute_scheduled_backup)
[2026-03-27 17:55:40,929: INFO/MainProcess] Scheduler: Sending due task collect-metrics (monitoring.tasks.collect_all_online_devices_metrics)
[2026-03-27 17:55:40,934: INFO/MainProcess] Scheduler: Sending due task check-devices-status (devices.tasks.check_device_online)
[2026-03-27 17:55:40,952: INFO/MainProcess] Scheduler: Sending due task config-backup-daily (configs.tasks.execute_scheduled_backup)
[2026-03-27 17:56:40,930: INFO/MainProcess] Scheduler: Sending due task collect-metrics (monitoring.tasks.collect_all_online_devices_metrics)
[2026-03-27 17:56:40,935: INFO/MainProcess] Scheduler: Sending due task check-devices-status (devices.tasks.check_device_online)
[2026-03-27 17:56:40,953: INFO/MainProcess] Scheduler: Sending due task config-backup-daily (configs.tasks.execute_scheduled_backup)
[2026-03-27 17:57:40,930: INFO/MainProcess] Scheduler: Sending due task collect-metrics (monitoring.tasks.collect_all_online_devices_metrics)
[2026-03-27 17:57:40,936: INFO/MainProcess] Scheduler: Sending due task check-devices-status (devices.tasks.check_device_online)
[2026-03-27 17:57:40,955: INFO/MainProcess] Scheduler: Sending due task config-backup-daily (configs.tasks.execute_scheduled_backup)
[2026-03-27 17:58:40,976: INFO/MainProcess] Scheduler: Sending due task config-backup-daily (configs.tasks.execute_scheduled_backup)
[2026-03-27 17:58:40,981: INFO/MainProcess] Scheduler: Sending due task collect-metrics (monitoring.tasks.collect_all_online_devices_metrics)
[2026-03-27 17:58:40,986: INFO/MainProcess] Scheduler: Sending due task check-devices-status (devices.tasks.check_device_online)
[2026-03-27 17:59:40,978: INFO/MainProcess] Scheduler: Sending due task config-backup-daily (configs.tasks.execute_scheduled_backup)
[2026-03-27 17:59:40,982: INFO/MainProcess] Scheduler: Sending due task collect-metrics (monitoring.tasks.collect_all_online_devices_metrics)
[2026-03-27 17:59:40,986: INFO/MainProcess] Scheduler: Sending due task check-devices-status (devices.tasks.check_device_online)
[2026-03-27 18:00:00,000: INFO/MainProcess] Scheduler: Sending due task device-discovery (devices.tasks.scheduled_device_discovery)
[2026-03-27 18:00:40,979: INFO/MainProcess] Scheduler: Sending due task config-backup-daily (configs.tasks.execute_scheduled_backup)
[2026-03-27 18:00:40,985: INFO/MainProcess] Scheduler: Sending due task collect-metrics (monitoring.tasks.collect_all_online_devices_metrics)
[2026-03-27 18:00:40,995: INFO/MainProcess] Scheduler: Sending due task check-devices-status (devices.tasks.check_device_online)
[2026-03-27 18:01:31,169: INFO/MainProcess] Scheduler: Sending due task ip-scan-all-subnets (ipmanagement.tasks.scan_all_subnets)
[2026-03-27 18:01:40,980: INFO/MainProcess] Scheduler: Sending due task config-backup-daily (configs.tasks.execute_scheduled_backup)
[2026-03-27 18:01:40,985: INFO/MainProcess] Scheduler: Sending due task collect-metrics (monitoring.tasks.collect_all_online_devices_metrics)
[2026-03-27 18:01:40,996: INFO/MainProcess] Scheduler: Sending due task check-devices-status (devices.tasks.check_device_online)
[2026-03-27 18:02:40,982: INFO/MainProcess] Scheduler: Sending due task config-backup-daily (configs.tasks.execute_scheduled_backup)
[2026-03-27 18:02:40,987: INFO/MainProcess] Scheduler: Sending due task collect-metrics (monitoring.tasks.collect_all_online_devices_metrics)
[2026-03-27 18:02:40,998: INFO/MainProcess] Scheduler: Sending due task check-devices-status (devices.tasks.check_device_online)
[2026-03-27 18:03:41,030: INFO/MainProcess] Scheduler: Sending due task config-backup-daily (configs.tasks.execute_scheduled_backup)
[2026-03-27 18:03:41,039: INFO/MainProcess] Scheduler: Sending due task collect-metrics (monitoring.tasks.collect_all_online_devices_metrics)
[2026-03-27 18:03:41,042: INFO/MainProcess] Scheduler: Sending due task check-devices-status (devices.tasks.check_device_online)
[2026-03-27 18:04:41,030: INFO/MainProcess] Scheduler: Sending due task config-backup-daily (configs.tasks.execute_scheduled_backup)
[2026-03-27 18:04:41,039: INFO/MainProcess] Scheduler: Sending due task collect-metrics (monitoring.tasks.collect_all_online_devices_metrics)
[2026-03-27 18:04:41,044: INFO/MainProcess] Scheduler: Sending due task check-devices-status (devices.tasks.check_device_online)
[2026-03-27 18:05:41,031: INFO/MainProcess] Scheduler: Sending due task config-backup-daily (configs.tasks.execute_scheduled_backup)
[2026-03-27 18:05:41,041: INFO/MainProcess] Scheduler: Sending due task collect-metrics (monitoring.tasks.collect_all_online_devices_metrics)
[2026-03-27 18:05:41,046: INFO/MainProcess] Scheduler: Sending due task check-devices-status (devices.tasks.check_device_online)
[2026-03-27 18:06:41,031: INFO/MainProcess] Scheduler: Sending due task config-backup-daily (configs.tasks.execute_scheduled_backup)
[2026-03-27 18:06:41,042: INFO/MainProcess] Scheduler: Sending due task collect-metrics (monitoring.tasks.collect_all_online_devices_metrics)
[2026-03-27 18:06:41,047: INFO/MainProcess] Scheduler: Sending due task check-devices-status (devices.tasks.check_device_online)
[2026-03-27 18:07:41,032: INFO/MainProcess] Scheduler: Sending due task config-backup-daily (configs.tasks.execute_scheduled_backup)
[2026-03-27 18:07:41,043: INFO/MainProcess] Scheduler: Sending due task collect-metrics (monitoring.tasks.collect_all_online_devices_metrics)
[2026-03-27 18:07:41,048: INFO/MainProcess] Scheduler: Sending due task check-devices-status (devices.tasks.check_device_online)
[2026-03-27 18:08:41,107: INFO/MainProcess] Scheduler: Sending due task check-devices-status (devices.tasks.check_device_online)
[2026-03-27 18:08:41,112: INFO/MainProcess] Scheduler: Sending due task config-backup-daily (configs.tasks.execute_scheduled_backup)
[2026-03-27 18:08:41,116: INFO/MainProcess] Scheduler: Sending due task collect-metrics (monitoring.tasks.collect_all_online_devices_metrics)
[2026-03-27 18:09:41,108: INFO/MainProcess] Scheduler: Sending due task check-devices-status (devices.tasks.check_device_online)
[2026-03-27 18:09:41,115: INFO/MainProcess] Scheduler: Sending due task config-backup-daily (configs.tasks.execute_scheduled_backup)
[2026-03-27 18:09:41,118: INFO/MainProcess] Scheduler: Sending due task collect-metrics (monitoring.tasks.collect_all_online_devices_metrics)
[2026-03-27 18:09:51,170: INFO/MainProcess] Scheduler: Sending due task ip-scan-all-subnets (ipmanagement.tasks.scan_all_subnets)
[2026-03-27 18:10:41,109: INFO/MainProcess] Scheduler: Sending due task check-devices-status (devices.tasks.check_device_online)
[2026-03-27 18:10:41,115: INFO/MainProcess] Scheduler: Sending due task config-backup-daily (configs.tasks.execute_scheduled_backup)
[2026-03-27 18:10:41,120: INFO/MainProcess] Scheduler: Sending due task collect-metrics (monitoring.tasks.collect_all_online_devices_metrics)
[2026-03-27 18:11:41,110: INFO/MainProcess] Scheduler: Sending due task check-devices-status (devices.tasks.check_device_online)
[2026-03-27 18:11:41,115: INFO/MainProcess] Scheduler: Sending due task config-backup-daily (configs.tasks.execute_scheduled_backup)
[2026-03-27 18:11:41,122: INFO/MainProcess] Scheduler: Sending due task collect-metrics (monitoring.tasks.collect_all_online_devices_metrics)
[2026-03-27 18:12:41,112: INFO/MainProcess] Scheduler: Sending due task check-devices-status (devices.tasks.check_device_online)
[2026-03-27 18:12:41,122: INFO/MainProcess] Scheduler: Sending due task config-backup-daily (configs.tasks.execute_scheduled_backup)
[2026-03-27 18:12:41,127: INFO/MainProcess] Scheduler: Sending due task collect-metrics (monitoring.tasks.collect_all_online_devices_metrics)
[2026-03-27 18:13:41,138: INFO/MainProcess] Scheduler: Sending due task check-devices-status (devices.tasks.check_device_online)
[2026-03-27 18:13:41,143: INFO/MainProcess] Scheduler: Sending due task config-backup-daily (configs.tasks.execute_scheduled_backup)
[2026-03-27 18:13:41,155: INFO/MainProcess] Scheduler: Sending due task collect-metrics (monitoring.tasks.collect_all_online_devices_metrics)
[2026-03-27 18:14:41,140: INFO/MainProcess] Scheduler: Sending due task check-devices-status (devices.tasks.check_device_online)
[2026-03-27 18:14:41,148: INFO/MainProcess] Scheduler: Sending due task config-backup-daily (configs.tasks.execute_scheduled_backup)
[2026-03-27 18:14:41,161: INFO/MainProcess] Scheduler: Sending due task collect-metrics (monitoring.tasks.collect_all_online_devices_metrics)
[2026-03-27 18:15:41,142: INFO/MainProcess] Scheduler: Sending due task check-devices-status (devices.tasks.check_device_online)
[2026-03-27 18:15:41,150: INFO/MainProcess] Scheduler: Sending due task config-backup-daily (configs.tasks.execute_scheduled_backup)
[2026-03-27 18:15:41,161: INFO/MainProcess] Scheduler: Sending due task collect-metrics (monitoring.tasks.collect_all_online_devices_metrics)
[2026-03-27 18:16:41,142: INFO/MainProcess] Scheduler: Sending due task check-devices-status (devices.tasks.check_device_online)
[2026-03-27 18:16:41,151: INFO/MainProcess] Scheduler: Sending due task config-backup-daily (configs.tasks.execute_scheduled_backup)
[2026-03-27 18:16:41,163: INFO/MainProcess] Scheduler: Sending due task collect-metrics (monitoring.tasks.collect_all_online_devices_metrics)
[2026-03-27 18:17:41,143: INFO/MainProcess] Scheduler: Sending due task check-devices-status (devices.tasks.check_device_online)
[2026-03-27 18:17:41,151: INFO/MainProcess] Scheduler: Sending due task config-backup-daily (configs.tasks.execute_scheduled_backup)
[2026-03-27 18:17:41,164: INFO/MainProcess] Scheduler: Sending due task collect-metrics (monitoring.tasks.collect_all_online_devices_metrics)
[2026-03-27 18:18:11,171: INFO/MainProcess] Scheduler: Sending due task ip-scan-all-subnets (ipmanagement.tasks.scan_all_subnets)
[2026-03-27 18:18:41,214: INFO/MainProcess] Scheduler: Sending due task check-devices-status (devices.tasks.check_device_online)
[2026-03-27 18:18:41,219: INFO/MainProcess] Scheduler: Sending due task config-backup-daily (configs.tasks.execute_scheduled_backup)
[2026-03-27 18:18:41,223: INFO/MainProcess] Scheduler: Sending due task collect-metrics (monitoring.tasks.collect_all_online_devices_metrics)
[2026-03-27 18:19:41,214: INFO/MainProcess] Scheduler: Sending due task check-devices-status (devices.tasks.check_device_online)
[2026-03-27 18:19:41,219: INFO/MainProcess] Scheduler: Sending due task config-backup-daily (configs.tasks.execute_scheduled_backup)
[2026-03-27 18:19:41,226: INFO/MainProcess] Scheduler: Sending due task collect-metrics (monitoring.tasks.collect_all_online_devices_metrics)
[2026-03-27 18:20:41,216: INFO/MainProcess] Scheduler: Sending due task check-devices-status (devices.tasks.check_device_online)
[2026-03-27 18:20:41,221: INFO/MainProcess] Scheduler: Sending due task config-backup-daily (configs.tasks.execute_scheduled_backup)
[2026-03-27 18:20:41,229: INFO/MainProcess] Scheduler: Sending due task collect-metrics (monitoring.tasks.collect_all_online_devices_metrics)
[2026-03-27 18:21:41,216: INFO/MainProcess] Scheduler: Sending due task check-devices-status (devices.tasks.check_device_online)
[2026-03-27 18:21:41,223: INFO/MainProcess] Scheduler: Sending due task config-backup-daily (configs.tasks.execute_scheduled_backup)
[2026-03-27 18:21:41,227: INFO/MainProcess] Scheduler: Sending due task collect-metrics (monitoring.tasks.collect_all_online_devices_metrics)
[2026-03-27 18:22:41,216: INFO/MainProcess] Scheduler: Sending due task check-devices-status (devices.tasks.check_device_online)
[2026-03-27 18:22:41,224: INFO/MainProcess] Scheduler: Sending due task config-backup-daily (configs.tasks.execute_scheduled_backup)
[2026-03-27 18:22:41,229: INFO/MainProcess] Scheduler: Sending due task collect-metrics (monitoring.tasks.collect_all_online_devices_metrics)
[2026-03-27 18:23:41,260: INFO/MainProcess] Scheduler: Sending due task check-devices-status (devices.tasks.check_device_online)
[2026-03-27 18:23:41,266: INFO/MainProcess] Scheduler: Sending due task config-backup-daily (configs.tasks.execute_scheduled_backup)
[2026-03-27 18:23:41,272: INFO/MainProcess] Scheduler: Sending due task collect-metrics (monitoring.tasks.collect_all_online_devices_metrics)
[2026-03-27 18:24:41,261: INFO/MainProcess] Scheduler: Sending due task check-devices-status (devices.tasks.check_device_online)
[2026-03-27 18:24:41,266: INFO/MainProcess] Scheduler: Sending due task config-backup-daily (configs.tasks.execute_scheduled_backup)
[2026-03-27 18:24:41,272: INFO/MainProcess] Scheduler: Sending due task collect-metrics (monitoring.tasks.collect_all_online_devices_metrics)
[2026-03-27 18:25:41,262: INFO/MainProcess] Scheduler: Sending due task check-devices-status (devices.tasks.check_device_online)
[2026-03-27 18:25:41,267: INFO/MainProcess] Scheduler: Sending due task config-backup-daily (configs.tasks.execute_scheduled_backup)
[2026-03-27 18:25:41,275: INFO/MainProcess] Scheduler: Sending due task collect-metrics (monitoring.tasks.collect_all_online_devices_metrics)
[2026-03-27 18:26:31,133: INFO/MainProcess] Scheduler: Sending due task discover-subnets (ipmanagement.tasks.discover_subnets)
[2026-03-27 18:26:31,172: INFO/MainProcess] Scheduler: Sending due task ip-scan-all-subnets (ipmanagement.tasks.scan_all_subnets)
[2026-03-27 18:26:41,263: INFO/MainProcess] Scheduler: Sending due task check-devices-status (devices.tasks.check_device_online)
[2026-03-27 18:26:41,270: INFO/MainProcess] Scheduler: Sending due task config-backup-daily (configs.tasks.execute_scheduled_backup)
[2026-03-27 18:26:41,276: INFO/MainProcess] Scheduler: Sending due task collect-metrics (monitoring.tasks.collect_all_online_devices_metrics)
[2026-03-27 18:27:41,265: INFO/MainProcess] Scheduler: Sending due task check-devices-status (devices.tasks.check_device_online)
[2026-03-27 18:27:41,270: INFO/MainProcess] Scheduler: Sending due task config-backup-daily (configs.tasks.execute_scheduled_backup)
[2026-03-27 18:27:41,280: INFO/MainProcess] Scheduler: Sending due task collect-metrics (monitoring.tasks.collect_all_online_devices_metrics)
[2026-03-27 18:28:41,316: INFO/MainProcess] Scheduler: Sending due task check-devices-status (devices.tasks.check_device_online)
[2026-03-27 18:28:41,321: INFO/MainProcess] Scheduler: Sending due task config-backup-daily (configs.tasks.execute_scheduled_backup)
[2026-03-27 18:28:41,325: INFO/MainProcess] Scheduler: Sending due task collect-metrics (monitoring.tasks.collect_all_online_devices_metrics)
[2026-03-27 18:29:41,319: INFO/MainProcess] Scheduler: Sending due task check-devices-status (devices.tasks.check_device_online)
[2026-03-27 18:29:41,324: INFO/MainProcess] Scheduler: Sending due task config-backup-daily (configs.tasks.execute_scheduled_backup)
[2026-03-27 18:29:41,329: INFO/MainProcess] Scheduler: Sending due task collect-metrics (monitoring.tasks.collect_all_online_devices_metrics)
[2026-03-27 18:30:41,320: INFO/MainProcess] Scheduler: Sending due task check-devices-status (devices.tasks.check_device_online)
[2026-03-27 18:30:41,327: INFO/MainProcess] Scheduler: Sending due task config-backup-daily (configs.tasks.execute_scheduled_backup)
[2026-03-27 18:30:41,331: INFO/MainProcess] Scheduler: Sending due task collect-metrics (monitoring.tasks.collect_all_online_devices_metrics)
[2026-03-27 18:31:41,321: INFO/MainProcess] Scheduler: Sending due task check-devices-status (devices.tasks.check_device_online)
[2026-03-27 18:31:41,329: INFO/MainProcess] Scheduler: Sending due task config-backup-daily (configs.tasks.execute_scheduled_backup)
[2026-03-27 18:31:41,334: INFO/MainProcess] Scheduler: Sending due task collect-metrics (monitoring.tasks.collect_all_online_devices_metrics)
[2026-03-27 18:32:41,321: INFO/MainProcess] Scheduler: Sending due task check-devices-status (devices.tasks.check_device_online)
[2026-03-27 18:32:41,330: INFO/MainProcess] Scheduler: Sending due task config-backup-daily (configs.tasks.execute_scheduled_backup)
[2026-03-27 18:32:41,334: INFO/MainProcess] Scheduler: Sending due task collect-metrics (monitoring.tasks.collect_all_online_devices_metrics)
[2026-03-27 18:33:41,360: INFO/MainProcess] Scheduler: Sending due task check-devices-status (devices.tasks.check_device_online)
[2026-03-27 18:33:41,363: INFO/MainProcess] Scheduler: Sending due task config-backup-daily (configs.tasks.execute_scheduled_backup)
[2026-03-27 18:33:41,368: INFO/MainProcess] Scheduler: Sending due task collect-metrics (monitoring.tasks.collect_all_online_devices_metrics)
[2026-03-27 18:34:41,361: INFO/MainProcess] Scheduler: Sending due task check-devices-status (devices.tasks.check_device_online)
[2026-03-27 18:34:41,369: INFO/MainProcess] Scheduler: Sending due task config-backup-daily (configs.tasks.execute_scheduled_backup)
[2026-03-27 18:34:41,379: INFO/MainProcess] Scheduler: Sending due task collect-metrics (monitoring.tasks.collect_all_online_devices_metrics)
[2026-03-27 18:34:51,172: INFO/MainProcess] Scheduler: Sending due task ip-scan-all-subnets (ipmanagement.tasks.scan_all_subnets)
[2026-03-27 18:35:41,363: INFO/MainProcess] Scheduler: Sending due task check-devices-status (devices.tasks.check_device_online)
[2026-03-27 18:35:41,370: INFO/MainProcess] Scheduler: Sending due task config-backup-daily (configs.tasks.execute_scheduled_backup)
[2026-03-27 18:35:41,376: INFO/MainProcess] Scheduler: Sending due task collect-metrics (monitoring.tasks.collect_all_online_devices_metrics)
[2026-03-27 18:36:41,364: INFO/MainProcess] Scheduler: Sending due task check-devices-status (devices.tasks.check_device_online)
[2026-03-27 18:36:41,371: INFO/MainProcess] Scheduler: Sending due task config-backup-daily (configs.tasks.execute_scheduled_backup)
[2026-03-27 18:36:41,376: INFO/MainProcess] Scheduler: Sending due task collect-metrics (monitoring.tasks.collect_all_online_devices_metrics)
[2026-03-27 18:37:41,365: INFO/MainProcess] Scheduler: Sending due task check-devices-status (devices.tasks.check_device_online)
[2026-03-27 18:37:41,372: INFO/MainProcess] Scheduler: Sending due task config-backup-daily (configs.tasks.execute_scheduled_backup)
[2026-03-27 18:37:41,378: INFO/MainProcess] Scheduler: Sending due task collect-metrics (monitoring.tasks.collect_all_online_devices_metrics)
[2026-03-27 18:38:41,435: INFO/MainProcess] Scheduler: Sending due task check-devices-status (devices.tasks.check_device_online)
[2026-03-27 18:38:41,440: INFO/MainProcess] Scheduler: Sending due task config-backup-daily (configs.tasks.execute_scheduled_backup)
[2026-03-27 18:38:41,445: INFO/MainProcess] Scheduler: Sending due task collect-metrics (monitoring.tasks.collect_all_online_devices_metrics)
[2026-03-27 18:39:41,436: INFO/MainProcess] Scheduler: Sending due task check-devices-status (devices.tasks.check_device_online)
[2026-03-27 18:39:41,442: INFO/MainProcess] Scheduler: Sending due task config-backup-daily (configs.tasks.execute_scheduled_backup)
[2026-03-27 18:39:41,449: INFO/MainProcess] Scheduler: Sending due task collect-metrics (monitoring.tasks.collect_all_online_devices_metrics)
[2026-03-27 18:40:41,437: INFO/MainProcess] Scheduler: Sending due task check-devices-status (devices.tasks.check_device_online)
[2026-03-27 18:40:41,442: INFO/MainProcess] Scheduler: Sending due task config-backup-daily (configs.tasks.execute_scheduled_backup)
[2026-03-27 18:40:41,449: INFO/MainProcess] Scheduler: Sending due task collect-metrics (monitoring.tasks.collect_all_online_devices_metrics)
[2026-03-27 18:41:41,437: INFO/MainProcess] Scheduler: Sending due task check-devices-status (devices.tasks.check_device_online)
[2026-03-27 18:41:41,444: INFO/MainProcess] Scheduler: Sending due task config-backup-daily (configs.tasks.execute_scheduled_backup)
[2026-03-27 18:41:41,451: INFO/MainProcess] Scheduler: Sending due task collect-metrics (monitoring.tasks.collect_all_online_devices_metrics)
[2026-03-27 18:42:41,439: INFO/MainProcess] Scheduler: Sending due task check-devices-status (devices.tasks.check_device_online)
[2026-03-27 18:42:41,445: INFO/MainProcess] Scheduler: Sending due task config-backup-daily (configs.tasks.execute_scheduled_backup)
[2026-03-27 18:42:41,452: INFO/MainProcess] Scheduler: Sending due task collect-metrics (monitoring.tasks.collect_all_online_devices_metrics)
[2026-03-27 18:43:11,172: INFO/MainProcess] Scheduler: Sending due task ip-scan-all-subnets (ipmanagement.tasks.scan_all_subnets)
[2026-03-27 18:43:41,456: INFO/MainProcess] Scheduler: Sending due task check-devices-status (devices.tasks.check_device_online)
[2026-03-27 18:43:41,461: INFO/MainProcess] Scheduler: Sending due task config-backup-daily (configs.tasks.execute_scheduled_backup)
[2026-03-27 18:43:41,465: INFO/MainProcess] Scheduler: Sending due task collect-metrics (monitoring.tasks.collect_all_online_devices_metrics)
[2026-03-27 18:44:41,457: INFO/MainProcess] Scheduler: Sending due task check-devices-status (devices.tasks.check_device_online)
[2026-03-27 18:44:41,463: INFO/MainProcess] Scheduler: Sending due task config-backup-daily (configs.tasks.execute_scheduled_backup)
[2026-03-27 18:44:41,468: INFO/MainProcess] Scheduler: Sending due task collect-metrics (monitoring.tasks.collect_all_online_devices_metrics)
[2026-03-27 18:45:41,457: INFO/MainProcess] Scheduler: Sending due task check-devices-status (devices.tasks.check_device_online)
[2026-03-27 18:45:41,463: INFO/MainProcess] Scheduler: Sending due task config-backup-daily (configs.tasks.execute_scheduled_backup)
[2026-03-27 18:45:41,469: INFO/MainProcess] Scheduler: Sending due task collect-metrics (monitoring.tasks.collect_all_online_devices_metrics)
[2026-03-27 18:46:41,458: INFO/MainProcess] Scheduler: Sending due task check-devices-status (devices.tasks.check_device_online)
[2026-03-27 18:46:41,464: INFO/MainProcess] Scheduler: Sending due task config-backup-daily (configs.tasks.execute_scheduled_backup)
[2026-03-27 18:46:41,469: INFO/MainProcess] Scheduler: Sending due task collect-metrics (monitoring.tasks.collect_all_online_devices_metrics)
[2026-03-27 18:47:41,459: INFO/MainProcess] Scheduler: Sending due task check-devices-status (devices.tasks.check_device_online)
[2026-03-27 18:47:41,465: INFO/MainProcess] Scheduler: Sending due task config-backup-daily (configs.tasks.execute_scheduled_backup)
[2026-03-27 18:47:41,470: INFO/MainProcess] Scheduler: Sending due task collect-metrics (monitoring.tasks.collect_all_online_devices_metrics)
[2026-03-27 18:48:41,521: INFO/MainProcess] Scheduler: Sending due task check-devices-status (devices.tasks.check_device_online)
[2026-03-27 18:48:41,526: INFO/MainProcess] Scheduler: Sending due task config-backup-daily (configs.tasks.execute_scheduled_backup)
[2026-03-27 18:48:41,530: INFO/MainProcess] Scheduler: Sending due task collect-metrics (monitoring.tasks.collect_all_online_devices_metrics)
[2026-03-27 18:49:41,523: INFO/MainProcess] Scheduler: Sending due task check-devices-status (devices.tasks.check_device_online)
[2026-03-27 18:49:41,529: INFO/MainProcess] Scheduler: Sending due task config-backup-daily (configs.tasks.execute_scheduled_backup)
[2026-03-27 18:49:41,533: INFO/MainProcess] Scheduler: Sending due task collect-metrics (monitoring.tasks.collect_all_online_devices_metrics)
[2026-03-27 18:50:41,524: INFO/MainProcess] Scheduler: Sending due task check-devices-status (devices.tasks.check_device_online)
[2026-03-27 18:50:41,531: INFO/MainProcess] Scheduler: Sending due task config-backup-daily (configs.tasks.execute_scheduled_backup)
[2026-03-27 18:50:41,535: INFO/MainProcess] Scheduler: Sending due task collect-metrics (monitoring.tasks.collect_all_online_devices_metrics)
[2026-03-27 18:51:31,173: INFO/MainProcess] Scheduler: Sending due task ip-scan-all-subnets (ipmanagement.tasks.scan_all_subnets)
[2026-03-27 18:51:41,524: INFO/MainProcess] Scheduler: Sending due task check-devices-status (devices.tasks.check_device_online)
[2026-03-27 18:51:41,533: INFO/MainProcess] Scheduler: Sending due task config-backup-daily (configs.tasks.execute_scheduled_backup)
[2026-03-27 18:51:41,538: INFO/MainProcess] Scheduler: Sending due task collect-metrics (monitoring.tasks.collect_all_online_devices_metrics)
[2026-03-27 18:52:41,526: INFO/MainProcess] Scheduler: Sending due task check-devices-status (devices.tasks.check_device_online)
[2026-03-27 18:52:41,534: INFO/MainProcess] Scheduler: Sending due task config-backup-daily (configs.tasks.execute_scheduled_backup)
[2026-03-27 18:52:41,539: INFO/MainProcess] Scheduler: Sending due task collect-metrics (monitoring.tasks.collect_all_online_devices_metrics)
[2026-03-27 18:53:41,574: INFO/MainProcess] Scheduler: Sending due task check-devices-status (devices.tasks.check_device_online)
[2026-03-27 18:53:41,579: INFO/MainProcess] Scheduler: Sending due task config-backup-daily (configs.tasks.execute_scheduled_backup)
[2026-03-27 18:53:41,585: INFO/MainProcess] Scheduler: Sending due task collect-metrics (monitoring.tasks.collect_all_online_devices_metrics)
[2026-03-27 18:54:41,575: INFO/MainProcess] Scheduler: Sending due task check-devices-status (devices.tasks.check_device_online)
[2026-03-27 18:54:41,579: INFO/MainProcess] Scheduler: Sending due task config-backup-daily (configs.tasks.execute_scheduled_backup)
[2026-03-27 18:54:41,586: INFO/MainProcess] Scheduler: Sending due task collect-metrics (monitoring.tasks.collect_all_online_devices_metrics)
[2026-03-27 18:55:41,575: INFO/MainProcess] Scheduler: Sending due task check-devices-status (devices.tasks.check_device_online)
[2026-03-27 18:55:41,580: INFO/MainProcess] Scheduler: Sending due task config-backup-daily (configs.tasks.execute_scheduled_backup)
[2026-03-27 18:55:41,588: INFO/MainProcess] Scheduler: Sending due task collect-metrics (monitoring.tasks.collect_all_online_devices_metrics)
[2026-03-27 18:56:41,577: INFO/MainProcess] Scheduler: Sending due task check-devices-status (devices.tasks.check_device_online)
[2026-03-27 18:56:41,583: INFO/MainProcess] Scheduler: Sending due task config-backup-daily (configs.tasks.execute_scheduled_backup)
[2026-03-27 18:56:41,589: INFO/MainProcess] Scheduler: Sending due task collect-metrics (monitoring.tasks.collect_all_online_devices_metrics)
[2026-03-27 18:57:41,578: INFO/MainProcess] Scheduler: Sending due task check-devices-status (devices.tasks.check_device_online)
[2026-03-27 18:57:41,584: INFO/MainProcess] Scheduler: Sending due task config-backup-daily (configs.tasks.execute_scheduled_backup)
[2026-03-27 18:57:41,591: INFO/MainProcess] Scheduler: Sending due task collect-metrics (monitoring.tasks.collect_all_online_devices_metrics)
[2026-03-27 18:58:41,623: INFO/MainProcess] Scheduler: Sending due task check-devices-status (devices.tasks.check_device_online)
[2026-03-27 18:58:41,628: INFO/MainProcess] Scheduler: Sending due task config-backup-daily (configs.tasks.execute_scheduled_backup)
[2026-03-27 18:58:41,634: INFO/MainProcess] Scheduler: Sending due task collect-metrics (monitoring.tasks.collect_all_online_devices_metrics)
[2026-03-27 18:59:41,624: INFO/MainProcess] Scheduler: Sending due task check-devices-status (devices.tasks.check_device_online)
[2026-03-27 18:59:41,630: INFO/MainProcess] Scheduler: Sending due task config-backup-daily (configs.tasks.execute_scheduled_backup)
[2026-03-27 18:59:41,635: INFO/MainProcess] Scheduler: Sending due task collect-metrics (monitoring.tasks.collect_all_online_devices_metrics)
[2026-03-27 18:59:51,175: INFO/MainProcess] Scheduler: Sending due task ip-scan-all-subnets (ipmanagement.tasks.scan_all_subnets)
[2026-03-27 19:00:41,626: INFO/MainProcess] Scheduler: Sending due task check-devices-status (devices.tasks.check_device_online)
[2026-03-27 19:00:41,632: INFO/MainProcess] Scheduler: Sending due task config-backup-daily (configs.tasks.execute_scheduled_backup)
[2026-03-27 19:00:41,636: INFO/MainProcess] Scheduler: Sending due task collect-metrics (monitoring.tasks.collect_all_online_devices_metrics)
[2026-03-27 19:01:41,627: INFO/MainProcess] Scheduler: Sending due task check-devices-status (devices.tasks.check_device_online)
[2026-03-27 19:01:41,633: INFO/MainProcess] Scheduler: Sending due task config-backup-daily (configs.tasks.execute_scheduled_backup)
[2026-03-27 19:01:41,637: INFO/MainProcess] Scheduler: Sending due task collect-metrics (monitoring.tasks.collect_all_online_devices_metrics)
[2026-03-27 19:02:41,628: INFO/MainProcess] Scheduler: Sending due task check-devices-status (devices.tasks.check_device_online)
[2026-03-27 19:02:41,634: INFO/MainProcess] Scheduler: Sending due task config-backup-daily (configs.tasks.execute_scheduled_backup)
[2026-03-27 19:02:41,639: INFO/MainProcess] Scheduler: Sending due task collect-metrics (monitoring.tasks.collect_all_online_devices_metrics)
